<?xml version="1.0" encoding="UTF-8"?>
<!-- Generated by org.testng.reporters.JUnitXMLReporter -->
<testsuite ignored="0" hostname="DESKTOP-30K6CA2" failures="1" tests="4" name="FacebookTestAutomation" time="90.853" errors="0" timestamp="2022-09-03T06:34:31 PDT">
  <testcase classname="com.facebook.qa.testcases.LogInPageTest" name="loginPage_TitleTest" time="0.169"/>
  <testcase classname="com.facebook.qa.testcases.LogInPageTest" name="loginPage_LogoTest" time="0.869"/>
  <testcase classname="com.facebook.qa.testcases.LogInPageTest" name="loginTest" time="1.79"/>
  <testcase classname="com.facebook.qa.testcases.LogInPageTest" name="create_NewAccount_Test" time="0.0">
    <failure type="org.testng.TestNGException" message="
Some DataProvider public java.lang.Object[][] com.facebook.qa.testcases.LogInPageTest.getFacebookTestData(java.lang.String) parameters unresolved:  at 0 type class java.lang.String
">
      <![CDATA[org.testng.TestNGException: 
Some DataProvider public java.lang.Object[][] com.facebook.qa.testcases.LogInPageTest.getFacebookTestData(java.lang.String) parameters unresolved:  at 0 type class java.lang.String

at java.base/java.util.ArrayList.forEach(ArrayList.java:1511)
at com.intellij.rt.testng.IDEARemoteTestNG.run(IDEARemoteTestNG.java:66)
at com.intellij.rt.testng.RemoteTestNGStarter.main(RemoteTestNGStarter.java:109)
... Removed 22 stack frames]]>
    </failure>
  </testcase> <!-- create_NewAccount_Test -->
</testsuite> <!-- FacebookTestAutomation -->
