<?xml version="1.0" encoding="UTF-8"?>
<!-- Generated by org.testng.reporters.JUnitReportReporter -->
<testsuite hostname="DESKTOP-30K6CA2" failures="0" tests="4" name="com.facebook.qa.testcases.LogInPageTest" time="90.645" errors="1" timestamp="2022-09-03T06:34:31 PDT" skipped="0">
  <testcase classname="com.facebook.qa.testcases.LogInPageTest" name="loginPage_TitleTest" time="15.583"/>
  <system-out/>
  <testcase classname="com.facebook.qa.testcases.LogInPageTest" name="loginPage_LogoTest" time="34.146"/>
  <system-out/>
  <testcase classname="com.facebook.qa.testcases.LogInPageTest" name="loginTest" time="40.916"/>
  <system-out/>
  <testcase classname="com.facebook.qa.testcases.LogInPageTest" name="create_NewAccount_Test" time="0.000">
    <error message="
Some DataProvider public java.lang.Object[][] com.facebook.qa.testcases.LogInPageTest.getFacebookTestData(java.lang.String) parameters unresolved:  at 0 type class java.lang.String
" type="org.testng.TestNGException">
      <![CDATA[org.testng.TestNGException: 
Some DataProvider public java.lang.Object[][] com.facebook.qa.testcases.LogInPageTest.getFacebookTestData(java.lang.String) parameters unresolved:  at 0 type class java.lang.String

at org.testng.internal.MethodInvocationHelper.getParameters(MethodInvocationHelper.java:221)
at org.testng.internal.MethodInvocationHelper.invokeDataProvider(MethodInvocationHelper.java:146)
at org.testng.internal.Parameters.handleParameters(Parameters.java:801)
at org.testng.internal.Parameters.handleParameters(Parameters.java:744)
at org.testng.internal.ParameterHandler.handleParameters(ParameterHandler.java:59)
at org.testng.internal.ParameterHandler.createParameters(ParameterHandler.java:38)
at org.testng.internal.TestInvoker$MethodInvocationAgent.invoke(TestInvoker.java:783)
at org.testng.internal.TestInvoker.invokeTestMethods(TestInvoker.java:146)
at org.testng.internal.TestMethodWorker.invokeTestMethods(TestMethodWorker.java:146)
at org.testng.internal.TestMethodWorker.run(TestMethodWorker.java:128)
at java.base/java.util.ArrayList.forEach(ArrayList.java:1511)
at org.testng.TestRunner.privateRun(TestRunner.java:766)
at org.testng.TestRunner.run(TestRunner.java:587)
at org.testng.SuiteRunner.runTest(SuiteRunner.java:384)
at org.testng.SuiteRunner.runSequentially(SuiteRunner.java:378)
at org.testng.SuiteRunner.privateRun(SuiteRunner.java:337)
at org.testng.SuiteRunner.run(SuiteRunner.java:286)
at org.testng.SuiteRunnerWorker.runSuite(SuiteRunnerWorker.java:53)
at org.testng.SuiteRunnerWorker.run(SuiteRunnerWorker.java:96)
at org.testng.TestNG.runSuitesSequentially(TestNG.java:1187)
at org.testng.TestNG.runSuitesLocally(TestNG.java:1109)
at org.testng.TestNG.runSuites(TestNG.java:1039)
at org.testng.TestNG.run(TestNG.java:1007)
at com.intellij.rt.testng.IDEARemoteTestNG.run(IDEARemoteTestNG.java:66)
at com.intellij.rt.testng.RemoteTestNGStarter.main(RemoteTestNGStarter.java:109)
]]>
    </error>
  </testcase> <!-- create_NewAccount_Test -->
  <system-out/>
</testsuite> <!-- com.facebook.qa.testcases.LogInPageTest -->
